<<<<<<< HEAD
2018-06-20 09:13:11  INFO: Operating system name: Linux version: 4.4.50-v7+ architecture: arm
2018-06-20 09:13:11  INFO: Java runtime name: Java HotSpot(TM) Client VM vendor: Oracle Corporation version: 25.65-b01
2018-06-20 09:13:11  INFO: Memory limit heap: 224mb non-heap: 0mb
2018-06-20 09:13:11  INFO: Character encoding: UTF-8 charset: UTF-8
2018-06-20 09:13:11  INFO: Version: null
2018-06-20 09:13:13  INFO: Starting server...
2018-06-20 09:40:55  INFO: Shutting down server...
=======
<<<<<<< HEAD
2018-06-18 10:18:38  INFO: Operating system name: Windows 10 version: 10.0 architecture: amd64
2018-06-18 10:18:38  INFO: Java runtime name: Java HotSpot(TM) 64-Bit Server VM vendor: Oracle Corporation version: 25.162-b12
2018-06-18 10:18:38  INFO: Memory limit heap: 1810mb non-heap: 0mb
2018-06-18 10:18:38  INFO: Character encoding: Cp1252 charset: windows-1252
2018-06-18 10:18:38  INFO: Version: null
2018-06-18 10:18:39  INFO: Starting server...
2018-06-18 19:34:05  INFO: Operating system name: Windows 10 version: 10.0 architecture: amd64
2018-06-18 19:34:05  INFO: Java runtime name: Java HotSpot(TM) 64-Bit Server VM vendor: Oracle Corporation version: 25.162-b12
2018-06-18 19:34:05  INFO: Memory limit heap: 1810mb non-heap: 0mb
2018-06-18 19:34:05  INFO: Character encoding: Cp1252 charset: windows-1252
2018-06-18 19:34:05  INFO: Version: null
2018-06-18 19:34:07  INFO: Starting server...
=======
2018-06-19 09:18:50  INFO: Operating system name: Linux version: 4.4.50-v7+ architecture: arm
2018-06-19 09:18:50  INFO: Java runtime name: Java HotSpot(TM) Client VM vendor: Oracle Corporation version: 25.65-b01
2018-06-19 09:18:50  INFO: Memory limit heap: 224mb non-heap: 0mb
2018-06-19 09:18:50  INFO: Character encoding: UTF-8 charset: UTF-8
2018-06-19 09:18:50  INFO: Version: null
2018-06-19 09:18:52  INFO: Starting server...
2018-06-19 09:35:16  INFO: Operating system name: Linux version: 4.4.50-v7+ architecture: arm
2018-06-19 09:35:16  INFO: Java runtime name: Java HotSpot(TM) Client VM vendor: Oracle Corporation version: 25.65-b01
2018-06-19 09:35:16  INFO: Memory limit heap: 224mb non-heap: 0mb
2018-06-19 09:35:16  INFO: Character encoding: UTF-8 charset: UTF-8
2018-06-19 09:35:16  INFO: Version: null
2018-06-19 09:35:18  INFO: Starting server...
2018-06-19 09:36:35  INFO: Shutting down server...
2018-06-19 16:45:40  INFO: Operating system name: Linux version: 4.4.50-v7+ architecture: arm
2018-06-19 16:45:40  INFO: Java runtime name: Java HotSpot(TM) Client VM vendor: Oracle Corporation version: 25.65-b01
2018-06-19 16:45:40  INFO: Memory limit heap: 224mb non-heap: 0mb
2018-06-19 16:45:40  INFO: Character encoding: UTF-8 charset: UTF-8
2018-06-19 16:45:40  INFO: Version: null
2018-06-19 16:45:42  INFO: Starting server...
2018-06-19 16:47:14  INFO: Shutting down server...
2018-06-19 16:48:24  INFO: Operating system name: Linux version: 4.4.50-v7+ architecture: arm
2018-06-19 16:48:24  INFO: Java runtime name: Java HotSpot(TM) Client VM vendor: Oracle Corporation version: 25.65-b01
2018-06-19 16:48:24  INFO: Memory limit heap: 224mb non-heap: 0mb
2018-06-19 16:48:24  INFO: Character encoding: UTF-8 charset: UTF-8
2018-06-19 16:48:24  INFO: Version: null
2018-06-19 16:48:25  INFO: Starting server...
2018-06-19 16:49:48  INFO: Shutting down server...
2018-06-19 16:51:01  INFO: Operating system name: Linux version: 4.4.50-v7+ architecture: arm
2018-06-19 16:51:01  INFO: Java runtime name: Java HotSpot(TM) Client VM vendor: Oracle Corporation version: 25.65-b01
2018-06-19 16:51:01  INFO: Memory limit heap: 224mb non-heap: 0mb
2018-06-19 16:51:01  INFO: Character encoding: UTF-8 charset: UTF-8
2018-06-19 16:51:01  INFO: Version: null
2018-06-19 16:51:02  INFO: Starting server...
2018-06-19 16:53:35  INFO: Shutting down server...
2018-06-19 16:55:33  INFO: Operating system name: Linux version: 4.4.50-v7+ architecture: arm
2018-06-19 16:55:33  INFO: Java runtime name: Java HotSpot(TM) Client VM vendor: Oracle Corporation version: 25.65-b01
2018-06-19 16:55:33  INFO: Memory limit heap: 224mb non-heap: 0mb
2018-06-19 16:55:33  INFO: Character encoding: UTF-8 charset: UTF-8
2018-06-19 16:55:33  INFO: Version: null
2018-06-19 16:55:34  INFO: Starting server...
2018-06-19 16:58:00  INFO: Shutting down server...
>>>>>>> 220ec4135f74e43a147d1367324d2e082787e73d
>>>>>>> ff810573c5223956a95eb746467ce54b446d95b7
2018-06-20 09:42:43  INFO: Operating system name: Linux version: 4.4.50-v7+ architecture: arm
2018-06-20 09:42:43  INFO: Java runtime name: Java HotSpot(TM) Client VM vendor: Oracle Corporation version: 25.65-b01
2018-06-20 09:42:43  INFO: Memory limit heap: 224mb non-heap: 0mb
2018-06-20 09:42:43  INFO: Character encoding: UTF-8 charset: UTF-8
2018-06-20 09:42:43  INFO: Version: null
2018-06-20 09:42:44  INFO: Starting server...
2018-06-20 10:05:11  INFO: Shutting down server...
2018-06-20 10:06:24  INFO: Operating system name: Linux version: 4.4.50-v7+ architecture: arm
2018-06-20 10:06:24  INFO: Java runtime name: Java HotSpot(TM) Client VM vendor: Oracle Corporation version: 25.65-b01
2018-06-20 10:06:24  INFO: Memory limit heap: 224mb non-heap: 0mb
2018-06-20 10:06:24  INFO: Character encoding: UTF-8 charset: UTF-8
2018-06-20 10:06:24  INFO: Version: null
2018-06-20 10:06:25  INFO: Starting server...
2018-06-20 10:12:57  INFO: Shutting down server...
2018-06-20 10:16:36  INFO: Operating system name: Linux version: 4.4.50-v7+ architecture: arm
2018-06-20 10:16:36  INFO: Java runtime name: Java HotSpot(TM) Client VM vendor: Oracle Corporation version: 25.65-b01
2018-06-20 10:16:36  INFO: Memory limit heap: 224mb non-heap: 0mb
2018-06-20 10:16:36  INFO: Character encoding: UTF-8 charset: UTF-8
2018-06-20 10:16:36  INFO: Version: null
2018-06-20 10:16:37  INFO: Starting server...
2018-06-20 10:18:39  INFO: Shutting down server...
2018-06-20 11:12:08  INFO: Operating system name: Linux version: 4.4.50-v7+ architecture: arm
2018-06-20 11:12:08  INFO: Java runtime name: Java HotSpot(TM) Client VM vendor: Oracle Corporation version: 25.65-b01
2018-06-20 11:12:08  INFO: Memory limit heap: 224mb non-heap: 0mb
2018-06-20 11:12:08  INFO: Character encoding: UTF-8 charset: UTF-8
2018-06-20 11:12:08  INFO: Version: null
2018-06-20 11:12:10  INFO: Starting server...
2018-06-20 18:01:27  INFO: Operating system name: Linux version: 4.4.50-v7+ architecture: arm
2018-06-20 18:01:27  INFO: Java runtime name: Java HotSpot(TM) Client VM vendor: Oracle Corporation version: 25.65-b01
2018-06-20 18:01:27  INFO: Memory limit heap: 224mb non-heap: 0mb
2018-06-20 18:01:27  INFO: Character encoding: UTF-8 charset: UTF-8
2018-06-20 18:01:27  INFO: Version: null
2018-06-20 18:01:29  INFO: Starting server...
2018-06-20 18:05:59  INFO: Shutting down server...
2018-06-20 18:06:42  INFO: Operating system name: Linux version: 4.4.50-v7+ architecture: arm
2018-06-20 18:06:42  INFO: Java runtime name: Java HotSpot(TM) Client VM vendor: Oracle Corporation version: 25.65-b01
2018-06-20 18:06:42  INFO: Memory limit heap: 224mb non-heap: 0mb
2018-06-20 18:06:42  INFO: Character encoding: UTF-8 charset: UTF-8
2018-06-20 18:06:42  INFO: Version: null
2018-06-20 18:06:44  INFO: Starting server...
2018-06-20 18:08:05  INFO: Shutting down server...
2018-06-20 18:08:42  INFO: Operating system name: Linux version: 4.4.50-v7+ architecture: arm
2018-06-20 18:08:42  INFO: Java runtime name: Java HotSpot(TM) Client VM vendor: Oracle Corporation version: 25.65-b01
2018-06-20 18:08:42  INFO: Memory limit heap: 224mb non-heap: 0mb
2018-06-20 18:08:42  INFO: Character encoding: UTF-8 charset: UTF-8
2018-06-20 18:08:42  INFO: Version: null
2018-06-20 18:08:43  INFO: Starting server...
2018-06-20 18:09:44  INFO: Shutting down server...
2018-06-20 18:13:16  INFO: Operating system name: Linux version: 4.4.50-v7+ architecture: arm
2018-06-20 18:13:16  INFO: Java runtime name: Java HotSpot(TM) Client VM vendor: Oracle Corporation version: 25.65-b01
2018-06-20 18:13:16  INFO: Memory limit heap: 224mb non-heap: 0mb
2018-06-20 18:13:16  INFO: Character encoding: UTF-8 charset: UTF-8
2018-06-20 18:13:16  INFO: Version: null
2018-06-20 18:13:17  INFO: Starting server...
2018-06-20 18:19:05  INFO: Shutting down server...
2018-06-20 19:14:53  INFO: Operating system name: Linux version: 4.4.50-v7+ architecture: arm
2018-06-20 19:14:53  INFO: Java runtime name: Java HotSpot(TM) Client VM vendor: Oracle Corporation version: 25.65-b01
2018-06-20 19:14:53  INFO: Memory limit heap: 224mb non-heap: 0mb
2018-06-20 19:14:53  INFO: Character encoding: UTF-8 charset: UTF-8
2018-06-20 19:14:53  INFO: Version: null
2018-06-20 19:14:54  INFO: Starting server...
2018-06-20 19:30:40  INFO: Shutting down server...
2018-06-20 19:32:43  INFO: Operating system name: Linux version: 4.4.50-v7+ architecture: arm
2018-06-20 19:32:43  INFO: Java runtime name: Java HotSpot(TM) Client VM vendor: Oracle Corporation version: 25.65-b01
2018-06-20 19:32:43  INFO: Memory limit heap: 224mb non-heap: 0mb
2018-06-20 19:32:43  INFO: Character encoding: UTF-8 charset: UTF-8
2018-06-20 19:32:43  INFO: Version: null
2018-06-20 19:32:45  INFO: Starting server...
2018-06-20 19:36:00  INFO: Shutting down server...
2018-06-20 19:36:53  INFO: Operating system name: Linux version: 4.4.50-v7+ architecture: arm
2018-06-20 19:36:53  INFO: Java runtime name: Java HotSpot(TM) Client VM vendor: Oracle Corporation version: 25.65-b01
2018-06-20 19:36:53  INFO: Memory limit heap: 224mb non-heap: 0mb
2018-06-20 19:36:53  INFO: Character encoding: UTF-8 charset: UTF-8
2018-06-20 19:36:53  INFO: Version: null
2018-06-20 19:36:54  INFO: Starting server...
2018-06-20 19:37:48  INFO: Shutting down server...
2018-06-20 19:38:43  INFO: Operating system name: Linux version: 4.4.50-v7+ architecture: arm
2018-06-20 19:38:43  INFO: Java runtime name: Java HotSpot(TM) Client VM vendor: Oracle Corporation version: 25.65-b01
2018-06-20 19:38:43  INFO: Memory limit heap: 224mb non-heap: 0mb
2018-06-20 19:38:43  INFO: Character encoding: UTF-8 charset: UTF-8
2018-06-20 19:38:43  INFO: Version: null
2018-06-20 19:38:44  INFO: Starting server...
2018-06-20 19:41:10  INFO: Shutting down server...
2018-06-20 19:42:05  INFO: Operating system name: Linux version: 4.4.50-v7+ architecture: arm
2018-06-20 19:42:05  INFO: Java runtime name: Java HotSpot(TM) Client VM vendor: Oracle Corporation version: 25.65-b01
2018-06-20 19:42:05  INFO: Memory limit heap: 224mb non-heap: 0mb
2018-06-20 19:42:05  INFO: Character encoding: UTF-8 charset: UTF-8
2018-06-20 19:42:05  INFO: Version: null
2018-06-20 19:42:06  INFO: Starting server...
2018-06-20 19:42:57  INFO: Shutting down server...
2018-06-20 19:43:31  INFO: Operating system name: Linux version: 4.4.50-v7+ architecture: arm
2018-06-20 19:43:31  INFO: Java runtime name: Java HotSpot(TM) Client VM vendor: Oracle Corporation version: 25.65-b01
2018-06-20 19:43:31  INFO: Memory limit heap: 224mb non-heap: 0mb
2018-06-20 19:43:31  INFO: Character encoding: UTF-8 charset: UTF-8
2018-06-20 19:43:31  INFO: Version: null
2018-06-20 19:43:33  INFO: Starting server...
2018-06-20 19:44:56  INFO: Shutting down server...
2018-06-20 19:45:49  INFO: Operating system name: Linux version: 4.4.50-v7+ architecture: arm
2018-06-20 19:45:49  INFO: Java runtime name: Java HotSpot(TM) Client VM vendor: Oracle Corporation version: 25.65-b01
2018-06-20 19:45:49  INFO: Memory limit heap: 224mb non-heap: 0mb
2018-06-20 19:45:49  INFO: Character encoding: UTF-8 charset: UTF-8
2018-06-20 19:45:49  INFO: Version: null
2018-06-20 19:45:51  INFO: Starting server...
2018-06-20 19:49:11  INFO: Shutting down server...
2018-06-20 19:51:25  INFO: Operating system name: Linux version: 4.4.50-v7+ architecture: arm
2018-06-20 19:51:25  INFO: Java runtime name: Java HotSpot(TM) Client VM vendor: Oracle Corporation version: 25.65-b01
2018-06-20 19:51:25  INFO: Memory limit heap: 224mb non-heap: 0mb
2018-06-20 19:51:25  INFO: Character encoding: UTF-8 charset: UTF-8
2018-06-20 19:51:25  INFO: Version: null
2018-06-20 19:51:26  INFO: Starting server...
2018-06-20 20:00:43  INFO: Shutting down server...
